[03/May/2022:18:11:46] (I): WordPress Instance Info:
[03/May/2022:18:11:46] (I): Home URL : http://localhost/hydroplan
[03/May/2022:18:11:46] (I): Site URL : http://localhost/hydroplan
[03/May/2022:18:11:46] (I): WordPress Version : 5.9.3
[03/May/2022:18:11:46] (I): Onboarding Version : 1.1.21
[03/May/2022:18:11:46] (I): Multisite : No
[03/May/2022:18:11:46] (I): Server Info : Apache/2.4.53 (Win64) OpenSSL/1.1.1n PHP/8.1.5
[03/May/2022:18:11:46] (I): PHP Version : 8.1.5
[03/May/2022:18:11:46] (I): HTTPS : No
[03/May/2022:18:11:46] (I): PHP Max Execution Time : 120
[03/May/2022:18:11:46] (I): PHP Max Input Vars : 1000
[03/May/2022:18:11:46] (I): Max Upload Size : 41943040
[03/May/2022:18:11:46] (I): Plugins:
[03/May/2022:18:11:46] (I): [PLUGIN] Templates Patterns Collection : v1.1.21 (ThemeIsle)
[03/May/2022:18:11:46] (P): Saving remote XML
[03/May/2022:18:11:47] (S): Saved remote XML at path C:\xampp\htdocs\hydroplan/wp-content/uploads/themeisle-demo-import.xml.
[03/May/2022:18:11:47] (P): Starting content import...
[03/May/2022:18:11:47] (S): Import started.
[03/May/2022:18:11:47] (S): Parsing XML file.
[03/May/2022:18:11:47] (P): Starting parsing file:C:\xampp\htdocs\hydroplan/wp-content/uploads/themeisle-demo-import.xml
[03/May/2022:18:11:47] (P): Using WXR_Parser_SimpleXML...
[03/May/2022:18:11:47] (S): Parsed XML
[03/May/2022:18:11:47] (P): Processing categories...
[03/May/2022:18:11:47] (S): Processed categories.
[03/May/2022:18:11:47] (P): Processing tags...
[03/May/2022:18:11:47] (S): No tags to process.
[03/May/2022:18:11:47] (P): Processing terms...
[03/May/2022:18:11:48] (W): Failed to import tcb_symbols_tax Footers
[03/May/2022:18:11:48] (E): Invalid taxonomy.
[03/May/2022:18:11:48] (W): Failed to import tcb_symbols_tax Headers
[03/May/2022:18:11:48] (E): Invalid taxonomy.
[03/May/2022:18:11:49] (S): Processed terms.
[03/May/2022:18:11:49] (P): Processing posts...
[03/May/2022:18:11:49] (P): Processing attachment: https://s33834.pcdn.co/web-agency-gb/wp-content/uploads/sites/422/2020/01/neve-webdesign-GB-01.png...
[03/May/2022:18:11:49] (P): Fetching attachment from url: https://s33834.pcdn.co/web-agency-gb/wp-content/uploads/sites/422/2020/01/neve-webdesign-GB-01.png...
[03/May/2022:18:11:50] (S): Fetched remote attachment.
[03/May/2022:18:11:50] (P): Inserting attachment...
[03/May/2022:18:11:50] (S): Attachment inserted
[03/May/2022:18:11:51] (S): Processed attachment.
[03/May/2022:18:11:51] (P): Processing attachment: https://s33834.pcdn.co/web-agency-gb/wp-content/uploads/sites/422/2020/01/neve-webdesign-GB-03.png...
[03/May/2022:18:11:51] (P): Fetching attachment from url: https://s33834.pcdn.co/web-agency-gb/wp-content/uploads/sites/422/2020/01/neve-webdesign-GB-03.png...
[03/May/2022:18:11:51] (S): Fetched remote attachment.
[03/May/2022:18:11:51] (P): Inserting attachment...
[03/May/2022:18:11:52] (S): Attachment inserted
[03/May/2022:18:11:52] (S): Processed attachment.
[03/May/2022:18:11:53] (P): Processing attachment: https://s33834.pcdn.co/web-agency-gb/wp-content/uploads/sites/422/2020/01/neve-webdesign-GB-04.png...
[03/May/2022:18:11:53] (P): Fetching attachment from url: https://s33834.pcdn.co/web-agency-gb/wp-content/uploads/sites/422/2020/01/neve-webdesign-GB-04.png...
[03/May/2022:18:11:53] (S): Fetched remote attachment.
[03/May/2022:18:11:53] (P): Inserting attachment...
[03/May/2022:18:11:54] (S): Attachment inserted
[03/May/2022:18:11:54] (S): Processed attachment.
[03/May/2022:18:11:54] (P): Processing attachment: https://s33834.pcdn.co/web-agency-gb/wp-content/uploads/sites/422/2020/01/neve-web-design-bg-08.jpg...
[03/May/2022:18:11:54] (P): Fetching attachment from url: https://s33834.pcdn.co/web-agency-gb/wp-content/uploads/sites/422/2020/01/neve-web-design-bg-08.jpg...
[03/May/2022:18:11:55] (S): Fetched remote attachment.
[03/May/2022:18:11:55] (P): Inserting attachment...
[03/May/2022:18:11:55] (S): Attachment inserted
[03/May/2022:18:11:56] (S): Processed attachment.
[03/May/2022:18:11:56] (P): Processing attachment: https://s33834.pcdn.co/web-agency-gb/wp-content/uploads/sites/422/2020/01/neve-web-design-bg-09.jpg...
[03/May/2022:18:11:56] (P): Fetching attachment from url: https://s33834.pcdn.co/web-agency-gb/wp-content/uploads/sites/422/2020/01/neve-web-design-bg-09.jpg...
[03/May/2022:18:11:56] (S): Fetched remote attachment.
[03/May/2022:18:11:56] (P): Inserting attachment...
[03/May/2022:18:11:57] (S): Attachment inserted
[03/May/2022:18:11:57] (S): Processed attachment.
[03/May/2022:18:11:58] (P): Processing attachment: https://s33834.pcdn.co/web-agency-gb/wp-content/uploads/sites/422/2020/01/neve-web-design-bg-10.jpg...
[03/May/2022:18:11:58] (P): Fetching attachment from url: https://s33834.pcdn.co/web-agency-gb/wp-content/uploads/sites/422/2020/01/neve-web-design-bg-10.jpg...
[03/May/2022:18:11:58] (S): Fetched remote attachment.
[03/May/2022:18:11:58] (P): Inserting attachment...
[03/May/2022:18:11:59] (S): Attachment inserted
[03/May/2022:18:11:59] (S): Processed attachment.
[03/May/2022:18:11:59] (P): Processing attachment: https://s33834.pcdn.co/web-agency-gb/wp-content/uploads/sites/422/2020/01/neve-web-design-bg-11.jpg...
[03/May/2022:18:11:59] (P): Fetching attachment from url: https://s33834.pcdn.co/web-agency-gb/wp-content/uploads/sites/422/2020/01/neve-web-design-bg-11.jpg...
[03/May/2022:18:12:00] (S): Fetched remote attachment.
[03/May/2022:18:12:00] (P): Inserting attachment...
[03/May/2022:18:12:00] (S): Attachment inserted
[03/May/2022:18:12:01] (S): Processed attachment.
[03/May/2022:18:12:01] (P): Processing attachment: https://s33834.pcdn.co/web-agency-gb/wp-content/uploads/sites/422/2020/01/neve-web-design-bg-12.jpg...
[03/May/2022:18:12:01] (P): Fetching attachment from url: https://s33834.pcdn.co/web-agency-gb/wp-content/uploads/sites/422/2020/01/neve-web-design-bg-12.jpg...
[03/May/2022:18:12:01] (S): Fetched remote attachment.
[03/May/2022:18:12:01] (P): Inserting attachment...
[03/May/2022:18:12:02] (S): Attachment inserted
[03/May/2022:18:12:03] (S): Processed attachment.
[03/May/2022:18:12:03] (P): Processing attachment: https://s33834.pcdn.co/web-agency-gb/wp-content/uploads/sites/422/2020/01/neve-web-design-bg-13.jpg...
[03/May/2022:18:12:03] (P): Fetching attachment from url: https://s33834.pcdn.co/web-agency-gb/wp-content/uploads/sites/422/2020/01/neve-web-design-bg-13.jpg...
[03/May/2022:18:12:03] (S): Fetched remote attachment.
[03/May/2022:18:12:03] (P): Inserting attachment...
[03/May/2022:18:12:04] (S): Attachment inserted
[03/May/2022:18:12:04] (S): Processed attachment.
[03/May/2022:18:12:05] (P): Processing attachment: https://s33834.pcdn.co/web-agency-gb/wp-content/uploads/sites/422/2020/01/neve-web-design-bg-14.jpg...
[03/May/2022:18:12:05] (P): Fetching attachment from url: https://s33834.pcdn.co/web-agency-gb/wp-content/uploads/sites/422/2020/01/neve-web-design-bg-14.jpg...
[03/May/2022:18:12:05] (S): Fetched remote attachment.
[03/May/2022:18:12:05] (P): Inserting attachment...
[03/May/2022:18:12:06] (S): Attachment inserted
[03/May/2022:18:12:06] (S): Processed attachment.
[03/May/2022:18:12:06] (P): Processing attachment: https://s33834.pcdn.co/web-agency-gb/wp-content/uploads/sites/422/2020/01/neve-web-design-bg-15.jpg...
[03/May/2022:18:12:06] (P): Fetching attachment from url: https://s33834.pcdn.co/web-agency-gb/wp-content/uploads/sites/422/2020/01/neve-web-design-bg-15.jpg...
[03/May/2022:18:12:07] (S): Fetched remote attachment.
[03/May/2022:18:12:07] (P): Inserting attachment...
[03/May/2022:18:12:07] (S): Attachment inserted
[03/May/2022:18:12:08] (S): Processed attachment.
[03/May/2022:18:12:08] (P): Processing attachment: https://s33834.pcdn.co/web-agency-gb/wp-content/uploads/sites/422/2020/06/cropped-web-agency-icon.png...
[03/May/2022:18:12:08] (P): Fetching attachment from url: https://s33834.pcdn.co/web-agency-gb/wp-content/uploads/sites/422/2020/06/cropped-web-agency-icon.png...
[03/May/2022:18:12:08] (S): Fetched remote attachment.
[03/May/2022:18:12:08] (P): Inserting attachment...
[03/May/2022:18:12:09] (S): Attachment inserted
[03/May/2022:18:12:09] (S): Processed attachment.
[03/May/2022:18:12:10] (P): Processing attachment: https://s33834.pcdn.co/web-agency-gb/wp-content/uploads/sites/422/2020/07/web-design-studio-01.jpg.jpg...
[03/May/2022:18:12:10] (P): Fetching attachment from url: https://s33834.pcdn.co/web-agency-gb/wp-content/uploads/sites/422/2020/07/web-design-studio-01.jpg.jpg...
[03/May/2022:18:12:10] (S): Fetched remote attachment.
[03/May/2022:18:12:10] (P): Inserting attachment...
[03/May/2022:18:12:11] (S): Attachment inserted
[03/May/2022:18:12:11] (S): Processed attachment.
[03/May/2022:18:12:12] (P): Processing attachment: https://s33834.pcdn.co/web-agency-gb/wp-content/uploads/sites/422/2020/12/web-agency-logo-3.png...
[03/May/2022:18:12:12] (P): Fetching attachment from url: https://s33834.pcdn.co/web-agency-gb/wp-content/uploads/sites/422/2020/12/web-agency-logo-3.png...
[03/May/2022:18:12:12] (S): Fetched remote attachment.
[03/May/2022:18:12:12] (P): Inserting attachment...
[03/May/2022:18:12:12] (S): Attachment inserted
[03/May/2022:18:12:13] (S): Processed attachment.
[03/May/2022:18:12:13] (P): Processing attachment: https://s33834.pcdn.co/web-agency-gb/wp-content/uploads/sites/422/2020/12/neve-web-design-studio-02.1.jpg...
[03/May/2022:18:12:13] (P): Fetching attachment from url: https://s33834.pcdn.co/web-agency-gb/wp-content/uploads/sites/422/2020/12/neve-web-design-studio-02.1.jpg...
[03/May/2022:18:12:13] (S): Fetched remote attachment.
[03/May/2022:18:12:13] (P): Inserting attachment...
[03/May/2022:18:12:14] (S): Attachment inserted
[03/May/2022:18:12:14] (S): Processed attachment.
[03/May/2022:18:12:14] (P): Processing attachment: https://s33834.pcdn.co/web-agency-gb/wp-content/uploads/sites/422/2020/12/neve-web-design-studio-03.1.jpg...
[03/May/2022:18:12:14] (P): Fetching attachment from url: https://s33834.pcdn.co/web-agency-gb/wp-content/uploads/sites/422/2020/12/neve-web-design-studio-03.1.jpg...
[03/May/2022:18:12:15] (S): Fetched remote attachment.
[03/May/2022:18:12:15] (P): Inserting attachment...
[03/May/2022:18:12:16] (S): Attachment inserted
[03/May/2022:18:12:16] (S): Processed attachment.
[03/May/2022:18:12:16] (P): Processing attachment: https://s33834.pcdn.co/web-agency-gb/wp-content/uploads/sites/422/2020/12/neve-web-design-studio-04.1.jpg...
[03/May/2022:18:12:16] (P): Fetching attachment from url: https://s33834.pcdn.co/web-agency-gb/wp-content/uploads/sites/422/2020/12/neve-web-design-studio-04.1.jpg...
[03/May/2022:18:12:17] (S): Fetched remote attachment.
[03/May/2022:18:12:17] (P): Inserting attachment...
[03/May/2022:18:12:18] (S): Attachment inserted
[03/May/2022:18:12:18] (S): Processed attachment.
[03/May/2022:18:12:18] (P): Processing attachment: https://s33834.pcdn.co/web-agency-gb/wp-content/uploads/sites/422/2020/12/neve-web-design-studio-07.1.png...
[03/May/2022:18:12:18] (P): Fetching attachment from url: https://s33834.pcdn.co/web-agency-gb/wp-content/uploads/sites/422/2020/12/neve-web-design-studio-07.1.png...
[03/May/2022:18:12:21] (S): Fetched remote attachment.
[03/May/2022:18:12:21] (P): Inserting attachment...
[03/May/2022:18:12:22] (S): Attachment inserted
[03/May/2022:18:12:22] (S): Processed attachment.
[03/May/2022:18:12:22] (P): Processing attachment: https://s33834.pcdn.co/web-agency-gb/wp-content/uploads/sites/422/2021/06/phone-sm.png...
[03/May/2022:18:12:22] (P): Fetching attachment from url: https://s33834.pcdn.co/web-agency-gb/wp-content/uploads/sites/422/2021/06/phone-sm.png...
[03/May/2022:18:12:22] (S): Fetched remote attachment.
[03/May/2022:18:12:22] (P): Inserting attachment...
[03/May/2022:18:12:23] (S): Attachment inserted
[03/May/2022:18:12:23] (S): Processed attachment.
[03/May/2022:18:12:23] (P): Processing attachment: https://s33834.pcdn.co/web-agency-gb/wp-content/uploads/sites/422/2021/06/location-sm.png...
[03/May/2022:18:12:23] (P): Fetching attachment from url: https://s33834.pcdn.co/web-agency-gb/wp-content/uploads/sites/422/2021/06/location-sm.png...
[03/May/2022:18:12:24] (S): Fetched remote attachment.
[03/May/2022:18:12:24] (P): Inserting attachment...
[03/May/2022:18:12:25] (S): Attachment inserted
[03/May/2022:18:12:25] (S): Processed attachment.
[03/May/2022:18:12:25] (P): Inserting post: 5 UX Principles for Creating a Great Website .
[03/May/2022:18:12:27] (S): Done inserting post: 5 UX Principles for Creating a Great Website .
[03/May/2022:18:12:28] (P): Inserting page: News .
[03/May/2022:18:12:29] (S): Done inserting page: News .
[03/May/2022:18:12:30] (P): Inserting page: Home .
[03/May/2022:18:12:31] (S): Done inserting page: Home .
[03/May/2022:18:12:35] (P): Processing single menu item ' '...
[03/May/2022:18:12:38] (S): Processed single menu item.
[03/May/2022:18:12:38] (P): Processing single menu item ' '...
[03/May/2022:18:12:41] (S): Processed single menu item.
[03/May/2022:18:12:41] (P): Inserting post: Web Design Trends for 2022 .
[03/May/2022:18:12:43] (S): Done inserting post: Web Design Trends for 2022 .
[03/May/2022:18:12:44] (P): Inserting post: A Simple Guide to Design Thinking .
[03/May/2022:18:12:46] (S): Done inserting post: A Simple Guide to Design Thinking .
[03/May/2022:18:12:47] (P): Inserting page: About Us .
[03/May/2022:18:12:48] (S): Done inserting page: About Us .
[03/May/2022:18:12:52] (P): Processing single menu item ' '...
[03/May/2022:18:12:55] (S): Processed single menu item.
[03/May/2022:18:12:56] (P): Inserting page: Portfolio .
[03/May/2022:18:12:56] (S): Done inserting page: Portfolio .
[03/May/2022:18:13:00] (P): Inserting page: Portfolio Single .
[03/May/2022:18:13:01] (S): Done inserting page: Portfolio Single .
[03/May/2022:18:13:06] (P): Processing single menu item ' '...
[03/May/2022:18:13:10] (S): Processed single menu item.
[03/May/2022:18:13:10] (P): Processing single menu item ' '...
[03/May/2022:18:13:15] (S): Processed single menu item.
[03/May/2022:18:13:16] (P): Inserting page: Contact Us .
[03/May/2022:18:13:16] (S): Done inserting page: Contact Us .
[03/May/2022:18:13:20] (P): Processing single menu item ' '...
[03/May/2022:18:13:23] (S): Processed single menu item.
[03/May/2022:18:13:23] (P): Inserting custom_css: neve .
[03/May/2022:18:13:24] (S): Done inserting custom_css: neve .
[03/May/2022:18:13:24] (P): Processing attachment: https://s33834.pcdn.co/web-agency-gb/wp-content/uploads/sites/422/2021/06/email-sm.png...
[03/May/2022:18:13:24] (P): Fetching attachment from url: https://s33834.pcdn.co/web-agency-gb/wp-content/uploads/sites/422/2021/06/email-sm.png...
[03/May/2022:18:13:25] (S): Fetched remote attachment.
[03/May/2022:18:13:25] (P): Inserting attachment...
[03/May/2022:18:13:25] (S): Attachment inserted
[03/May/2022:18:13:26] (S): Processed attachment.
[03/May/2022:18:13:26] (P): Inserting post: Best Calligraphy Fonts for Logos .
[03/May/2022:18:13:27] (S): Done inserting post: Best Calligraphy Fonts for Logos .
[03/May/2022:18:13:28] (P): Inserting post: Knowing Your User. The importance of User Research. .
[03/May/2022:18:13:29] (S): Done inserting post: Knowing Your User. The importance of User Research. .
[03/May/2022:18:13:30] (P): Inserting post: What is the Progressive Web App (PWA) and how it works? .
[03/May/2022:18:13:32] (S): Done inserting post: What is the Progressive Web App (PWA) and how it works? .
[03/May/2022:18:13:33] (P): Inserting wp_block: 3 column section .
[03/May/2022:18:13:33] (S): Done inserting wp_block: 3 column section .
[03/May/2022:18:13:34] (P): Inserting wp_block: Team Social Icons .
[03/May/2022:18:13:34] (S): Done inserting wp_block: Team Social Icons .
[03/May/2022:18:13:34] (S): Processed posts.
[03/May/2022:18:13:42] (P): Cleaning up import with id ...
[03/May/2022:18:13:42] (P): Done cleanup. Flushing cache...
[03/May/2022:18:13:42] (P): Flushed cache. Removing temporary data..
[03/May/2022:18:13:43] (S): Done importing
[03/May/2022:18:13:43] (P): Busting elementor cache
[03/May/2022:18:13:44] (S): Front page set up with id: 308.
